<?xml version="1.0" encoding="UTF-8"?>
<!-- Generated by org.testng.reporters.JUnitReportReporter -->
<testsuite hostname="ws-6a24a990-dc69-4591-9593-0aeb637805ab" failures="0" tests="2" name="com.lambdatest.Tests.ParallelTest" time="27.140" errors="0" timestamp="21 Dec 2020 17:25:11 GMT">
  <testcase classname="com.lambdatest.Tests.ParallelTest" name="test" time="10.605"/>
  <testcase classname="com.lambdatest.Tests.ParallelTest" name="test" time="16.535"/>
</testsuite> <!-- com.lambdatest.Tests.ParallelTest -->
